androidinstagramoauth/build/outputs/logs/manifest-merger-debug-report.txt
-- Merging decision tree log ---
manifest
ADDED from src\main\AndroidManifest.xml:2:1-16:12
	package
		ADDED from src\main\AndroidManifest.xml:3:2-39
		INJECTED from src\main\AndroidManifest.xml
		INJECTED from src\main\AndroidManifest.xml
	android:versionName
		ADDED from src\main\AndroidManifest.xml:5:2-27
		INJECTED from src\main\AndroidManifest.xml
		INJECTED from src\main\AndroidManifest.xml
	android:versionCode
		ADDED from src\main\AndroidManifest.xml:4:2-25
		INJECTED from src\main\AndroidManifest.xml
		INJECTED from src\main\AndroidManifest.xml
	xmlns:android
		ADDED from src\main\AndroidManifest.xml:2:11-69
application
ADDED from src\main\AndroidManifest.xml:7:5-14:19
	android:label
		ADDED from src\main\AndroidManifest.xml:7:48-80
	android:icon
		ADDED from src\main\AndroidManifest.xml:7:18-47
activity#br.com.dina.oauth.instagram.Main
ADDED from src\main\AndroidManifest.xml:8:6-13:17
	android:label
		ADDED from src\main\AndroidManifest.xml:8:64-96
	android:name
		ADDED from src\main\AndroidManifest.xml:8:16-63
intent-filter#android.intent.action.MAIN+android.intent.category.LAUNCHER
ADDED from src\main\AndroidManifest.xml:9:7-12:24
action#android.intent.action.MAIN
ADDED from src\main\AndroidManifest.xml:10:8-60
	android:name
		ADDED from src\main\AndroidManifest.xml:10:16-57
category#android.intent.category.LAUNCHER
ADDED from src\main\AndroidManifest.xml:11:8-68
	android:name
		ADDED from src\main\AndroidManifest.xml:11:18-65